[debug] [2022-07-19T08:48:08.081Z] ----------------------------------------------------------------------
[debug] [2022-07-19T08:48:08.083Z] Command:       C:\Program Files\nodejs\node.exe C:\Users\Jain\AppData\Roaming\npm\node_modules\firebase-tools\lib\bin\firebase.js init
[debug] [2022-07-19T08:48:08.083Z] CLI Version:   11.3.0
[debug] [2022-07-19T08:48:08.083Z] Platform:      win32
[debug] [2022-07-19T08:48:08.083Z] Node Version:  v16.15.1
[debug] [2022-07-19T08:48:08.087Z] Time:          Tue Jul 19 2022 14:18:08 GMT+0530 (India Standard Time)
[debug] [2022-07-19T08:48:08.088Z] ----------------------------------------------------------------------
[debug] 
[debug] [2022-07-19T08:48:08.095Z] > command requires scopes: ["email","openid","https://www.googleapis.com/auth/cloudplatformprojects.readonly","https://www.googleapis.com/auth/firebase","https://www.googleapis.com/auth/cloud-platform"]
[debug] [2022-07-19T08:48:08.095Z] > authorizing via signed-in user (yash191174@gmail.com)
[info] 
     ######## #### ########  ######## ########     ###     ######  ########
     ##        ##  ##     ## ##       ##     ##  ##   ##  ##       ##
     ######    ##  ########  ######   ########  #########  ######  ######
     ##        ##  ##    ##  ##       ##     ## ##     ##       ## ##
     ##       #### ##     ## ######## ########  ##     ##  ######  ########

You're about to initialize a Firebase project in this directory:

  F:\React Udemy\Quotes multipage website Self made

[info] 
=== Project Setup
[info] 
[info] First, let's associate this project directory with a Firebase project.
[info] You can create multiple project aliases by running firebase use --add, 
[info] but for now we'll just set up a default project.
[info] 
[debug] [2022-07-19T08:48:28.984Z] >>> [apiv2][query] GET https://firebase.googleapis.com/v1beta1/projects pageSize=100
[debug] [2022-07-19T08:48:29.992Z] <<< [apiv2][status] GET https://firebase.googleapis.com/v1beta1/projects 200
[debug] [2022-07-19T08:48:29.993Z] <<< [apiv2][body] GET https://firebase.googleapis.com/v1beta1/projects [omitted]
[info] i  Using project quotes-c5124 (Quotes) 
[info] 
=== Hosting Setup
[info] 
[info] Your public directory is the folder (relative to your project directory) that
[info] will contain Hosting assets to be uploaded with firebase deploy. If you
[info] have a build process for your assets, use your build's output directory.
[info] 
